<?xml version="1.0" encoding="UTF-8"?>
<testsuite xmlns:xsi="http://www.w3.org/2001/XMLSchema-instance" xsi:noNamespaceSchemaLocation="https://maven.apache.org/surefire/maven-surefire-plugin/xsd/surefire-test-report.xsd" name="ro.lab2svv.AppTest" time="0.189" tests="18" errors="0" skipped="0" failures="0">
  <properties>
[...]
</properties>
  <testcase name="shouldHaveNameTrue" classname="ro.lab2svv.AppTest" time="0.007"/>
  <testcase name="TemaShouldHaveIdTrue" classname="ro.lab2svv.AppTest" time="0.001"/>
  <testcase name="shouldHaveGroupTrue" classname="ro.lab2svv.AppTest" time="0"/>
  <testcase name="shouldBeOnlyOneTrue" classname="ro.lab2svv.AppTest" time="0"/>
  <testcase name="shouldHaveDeadlineTrue" classname="ro.lab2svv.AppTest" time="0.047"/>
  <testcase name="TemaShouldHaveIdFalse" classname="ro.lab2svv.AppTest" time="0.013"/>
  <testcase name="test2AddStudentMethod" classname="ro.lab2svv.AppTest" time="0"/>
  <testcase name="shouldHaveGroupFalse" classname="ro.lab2svv.AppTest" time="0.012"/>
  <testcase name="test2AddAssignmentMethod" classname="ro.lab2svv.AppTest" time="0"/>
  <testcase name="shouldHaveStartlineTrue" classname="ro.lab2svv.AppTest" time="0.026"/>
  <testcase name="shouldHaveNameFalse" classname="ro.lab2svv.AppTest" time="0.012"/>
  <testcase name="shouldHaveIdFalse" classname="ro.lab2svv.AppTest" time="0.011"/>
  <testcase name="shouldBeOnlyOneFalse" classname="ro.lab2svv.AppTest" time="0"/>
  <testcase name="shouldHaveDescFalse" classname="ro.lab2svv.AppTest" time="0.012"/>
  <testcase name="shouldHaveIdTrue" classname="ro.lab2svv.AppTest" time="0"/>
  <testcase name="shouldHaveDescTrue" classname="ro.lab2svv.AppTest" time="0"/>
  <testcase name="testAddAssignmentMethod" classname="ro.lab2svv.AppTest" time="0"/>
  <testcase name="testAddStudentMethod" classname="ro.lab2svv.AppTest" time="0"/>
</testsuite>